<?xml version="1.0" encoding="UTF-8"?>
<!-- Generated by org.testng.reporters.JUnitReportReporter -->
<testsuite hostname="DESKTOP-BCLBHS1" failures="0" tests="2" name="com.evs.testng.practice.MyTestClass" time="0.036" errors="0" timestamp="2023-11-09T22:40:51 IST" skipped="0">
  <testcase classname="com.evs.testng.practice.MyTestClass" name="testMethod1" time="0.024"/>
  <testcase classname="com.evs.testng.practice.MyTestClass" name="testMethod2" time="0.012"/>
</testsuite> <!-- com.evs.testng.practice.MyTestClass -->
