<?xml version="1.0" encoding="UTF-8"?>
<!-- Generated by org.testng.reporters.JUnitReportReporter -->
<testsuite hostname="DESKTOP-BCLBHS1" failures="0" tests="2" name="com.eva.vtiger.testscripts.MarketingAccountTestScripts" time="66.872" errors="0" timestamp="2023-11-18T08:11:26 IST" skipped="0">
  <testcase classname="com.eva.vtiger.testscripts.MarketingAccountTestScripts" name="verifyVT001CreateAccount" time="38.203"/>
  <testcase classname="com.eva.vtiger.testscripts.MarketingAccountTestScripts" name="verifyVT002DeleteAccount" time="28.669"/>
</testsuite> <!-- com.eva.vtiger.testscripts.MarketingAccountTestScripts -->
