<?xml version="1.0" encoding="UTF-8"?>
<!-- Generated by org.testng.reporters.JUnitReportReporter -->
<testsuite hostname="DESKTOP-BCLBHS1" failures="0" tests="1" name="com.eva.vtiger.testscripts.InventryInvoiceTestScripts" time="22.975" errors="0" timestamp="2023-11-18T08:11:26 IST" skipped="0">
  <testcase classname="com.eva.vtiger.testscripts.InventryInvoiceTestScripts" name="verifyAccountAndContactAddOnInvoiceForm_VT006" time="22.975"/>
</testsuite> <!-- com.eva.vtiger.testscripts.InventryInvoiceTestScripts -->
