<?xml version="1.0" encoding="UTF-8"?>
<!-- Generated by org.testng.reporters.JUnitReportReporter -->
<testsuite hostname="DESKTOP-BCLBHS1" failures="0" tests="2" name="com.vtiger.testscripts.MarketingAccountTestScripts" time="83.056" errors="0" timestamp="2023-11-12T21:55:16 IST" skipped="0">
  <testcase classname="com.vtiger.testscripts.MarketingAccountTestScripts" name="verifyCreateAccountTC001" time="27.947"/>
  <testcase classname="com.vtiger.testscripts.MarketingAccountTestScripts" name="verifyCreateAccountTC001" time="55.109"/>
</testsuite> <!-- com.vtiger.testscripts.MarketingAccountTestScripts -->
